<?xml version="1.0"?>
<testsuite name="Chrome 98.0.4758.102 (Windows 10)" package="" timestamp="2022-03-01T02:50:17" id="0" hostname="JHAN-CASTRO" tests="17" errors="0" failures="0" time="0.124">
  <properties>
    <property name="browser.fullName" value="Mozilla/5.0 (Windows NT 10.0; Win64; x64) AppleWebKit/537.36 (KHTML, like Gecko) Chrome/98.0.4758.102 Safari/537.36"/>
  </properties>
  <testcase name="NavbarComponent should create" time="0.038" classname="NavbarComponent"/>
  <testcase name="AppComponent should create the app" time="0.007" classname="AppComponent"/>
  <testcase name="AppComponent should have as title 'app-base'" time="0.006" classname="AppComponent"/>
  <testcase name="FilterLockerByTypePipe create an instance" time="0" classname="FilterLockerByTypePipe"/>
  <testcase name="LockerService should be created" time="0.002" classname="LockerService"/>
  <testcase name="FilterLockerByStatePipe create an instance" time="0.002" classname="FilterLockerByStatePipe"/>
  <testcase name="SaveComponent should create" time="0.016" classname="SaveComponent"/>
  <testcase name="SecurityGuard should ..." time="0.002" classname="SecurityGuard"/>
  <testcase name="ToolbarComponent should create" time="0.009" classname="ToolbarComponent"/>
  <testcase name="ErrorCamposPlantillaComponent should create" time="0.005" classname="ErrorCamposPlantillaComponent"/>
  <testcase name="LoginComponent should create" time="0.013" classname="LoginComponent"/>
  <testcase name="ProductoService should be created" time="0.002" classname="ProductoService"/>
  <testcase name="ProductoService deberia listar productos" time="0.003" classname="ProductoService"/>
  <testcase name="ProductoService deberia crear un producto" time="0.002" classname="ProductoService"/>
  <testcase name="ProductoService deberia eliminar un producto" time="0.003" classname="ProductoService"/>
  <testcase name="LockerComponent should create" time="0.006" classname="LockerComponent"/>
  <testcase name="HomeComponent should create" time="0.008" classname="HomeComponent"/>
  <system-out>
    <![CDATA[Chrome 98.0.4758.102 (Windows 10) ERROR: 'NG0304: 'mat-tab-group' is not a known element:
1. If 'mat-tab-group' is an Angular component, then verify that it is part of this module.
2. If 'mat-tab-group' is a Web Component then add 'CUSTOM_ELEMENTS_SCHEMA' to the '@NgModule.schemas' of this component to suppress this message.'
,Chrome 98.0.4758.102 (Windows 10) ERROR: 'NG0304: 'mat-tab' is not a known element:
1. If 'mat-tab' is an Angular component, then verify that it is part of this module.
2. If 'mat-tab' is a Web Component then add 'CUSTOM_ELEMENTS_SCHEMA' to the '@NgModule.schemas' of this component to suppress this message.'
,Chrome 98.0.4758.102 (Windows 10) ERROR: 'NG0304: 'mat-chip-list' is not a known element:
1. If 'mat-chip-list' is an Angular component, then verify that it is part of this module.
2. If 'mat-chip-list' is a Web Component then add 'CUSTOM_ELEMENTS_SCHEMA' to the '@NgModule.schemas' of this component to suppress this message.'
,Chrome 98.0.4758.102 (Windows 10) ERROR: 'NG0304: 'mat-tab' is not a known element:
1. If 'mat-tab' is an Angular component, then verify that it is part of this module.
2. If 'mat-tab' is a Web Component then add 'CUSTOM_ELEMENTS_SCHEMA' to the '@NgModule.schemas' of this component to suppress this message.'
,Chrome 98.0.4758.102 (Windows 10) ERROR: 'NG0304: 'mat-chip-list' is not a known element:
1. If 'mat-chip-list' is an Angular component, then verify that it is part of this module.
2. If 'mat-chip-list' is a Web Component then add 'CUSTOM_ELEMENTS_SCHEMA' to the '@NgModule.schemas' of this component to suppress this message.'
,Chrome 98.0.4758.102 (Windows 10) ERROR: 'NG0304: 'app-navbar' is not a known element:
1. If 'app-navbar' is an Angular component, then verify that it is part of this module.
2. If 'app-navbar' is a Web Component then add 'CUSTOM_ELEMENTS_SCHEMA' to the '@NgModule.schemas' of this component to suppress this message.'
,Chrome 98.0.4758.102 (Windows 10) ERROR: 'NG0303: Can't bind to 'items' since it isn't a known property of 'app-navbar'.'
,Chrome 98.0.4758.102 (Windows 10) ERROR: 'NG0304: 'app-navbar' is not a known element:
1. If 'app-navbar' is an Angular component, then verify that it is part of this module.
2. If 'app-navbar' is a Web Component then add 'CUSTOM_ELEMENTS_SCHEMA' to the '@NgModule.schemas' of this component to suppress this message.'
,Chrome 98.0.4758.102 (Windows 10) ERROR: 'NG0303: Can't bind to 'items' since it isn't a known property of 'app-navbar'.'

]]>
  </system-out>
  <system-err/>
</testsuite>