<?xml version="1.0"?>
<testsuite name="Chrome Headless 99.0.4844.51 (Windows 10)" package="" timestamp="2022-03-05T20:53:48" id="0" hostname="JHAN-CASTRO" tests="29" errors="1" failures="0" time="0.019">
  <properties>
    <property name="browser.fullName" value="Mozilla/5.0 (Windows NT 10.0; Win64; x64) AppleWebKit/537.36 (KHTML, like Gecko) HeadlessChrome/99.0.4844.51 Safari/537.36"/>
  </properties>
  <testcase name="SecurityGuard should ..." time="0.014" classname="SecurityGuard"/>
  <testcase name="SecurityGuard debe validar con Token..." time="0.002" classname="SecurityGuard"/>
  <testcase name="SecurityGuard debe validar sin Token..." time="0.003" classname="SecurityGuard"/>
  <system-out>
    <![CDATA[Chrome Headless 99.0.4844.51 (Windows 10) ERROR: 'Unhandled Promise rejection:', 'Cannot match any routes. URL Segment: 'login'', '; Zone:', 'ProxyZone', '; Task:', 'Promise.then', '; Value:', Error: Cannot match any routes. URL Segment: 'login'
Error: Cannot match any routes. URL Segment: 'login'
    at ApplyRedirects.noMatchError (http://localhost:9876/_karma_webpack_/webpack:/node_modules/@angular/router/__ivy_ngcc__/fesm2015/router.js:2628:1)
    at CatchSubscriber.selector (http://localhost:9876/_karma_webpack_/webpack:/node_modules/@angular/router/__ivy_ngcc__/fesm2015/router.js:2610:1)
    at CatchSubscriber.error (http://localhost:9876/_karma_webpack_/webpack:/node_modules/rxjs/_esm2015/internal/operators/catchError.js:27:1)
    at MapSubscriber._error (http://localhost:9876/_karma_webpack_/webpack:/node_modules/rxjs/_esm2015/internal/Subscriber.js:75:1)
    at MapSubscriber.error (http://localhost:9876/_karma_webpack_/webpack:/node_modules/rxjs/_esm2015/internal/Subscriber.js:55:1)
    at MapSubscriber._error (http://localhost:9876/_karma_webpack_/webpack:/node_modules/rxjs/_esm2015/internal/Subscriber.js:75:1)
    at MapSubscriber.error (http://localhost:9876/_karma_webpack_/webpack:/node_modules/rxjs/_esm2015/internal/Subscriber.js:55:1)
    at ThrowIfEmptySubscriber._error (http://localhost:9876/_karma_webpack_/webpack:/node_modules/rxjs/_esm2015/internal/Subscriber.js:75:1)
    at ThrowIfEmptySubscriber.error (http://localhost:9876/_karma_webpack_/webpack:/node_modules/rxjs/_esm2015/internal/Subscriber.js:55:1)
    at TakeLastSubscriber._error (http://localhost:9876/_karma_webpack_/webpack:/node_modules/rxjs/_esm2015/internal/Subscriber.js:75:1), 'Error: Cannot match any routes. URL Segment: 'login'
    at ApplyRedirects.noMatchError (http://localhost:9876/_karma_webpack_/webpack:/node_modules/@angular/router/__ivy_ngcc__/fesm2015/router.js:2628:1)
    at CatchSubscriber.selector (http://localhost:9876/_karma_webpack_/webpack:/node_modules/@angular/router/__ivy_ngcc__/fesm2015/router.js:2610:1)
    at CatchSubscriber.error (http://localhost:9876/_karma_webpack_/webpack:/node_modules/rxjs/_esm2015/internal/operators/catchError.js:27:1)
    at MapSubscriber._error (http://localhost:9876/_karma_webpack_/webpack:/node_modules/rxjs/_esm2015/internal/Subscriber.js:75:1)
    at MapSubscriber.error (http://localhost:9876/_karma_webpack_/webpack:/node_modules/rxjs/_esm2015/internal/Subscriber.js:55:1)
    at MapSubscriber._error (http://localhost:9876/_karma_webpack_/webpack:/node_modules/rxjs/_esm2015/internal/Subscriber.js:75:1)
    at MapSubscriber.error (http://localhost:9876/_karma_webpack_/webpack:/node_modules/rxjs/_esm2015/internal/Subscriber.js:55:1)
    at ThrowIfEmptySubscriber._error (http://localhost:9876/_karma_webpack_/webpack:/node_modules/rxjs/_esm2015/internal/Subscriber.js:75:1)
    at ThrowIfEmptySubscriber.error (http://localhost:9876/_karma_webpack_/webpack:/node_modules/rxjs/_esm2015/internal/Subscriber.js:55:1)
    at TakeLastSubscriber._error (http://localhost:9876/_karma_webpack_/webpack:/node_modules/rxjs/_esm2015/internal/Subscriber.js:75:1)'
,Chrome Headless 99.0.4844.51 (Windows 10) ERROR
  An error was thrown in afterAll
  Unhandled promise rejection: Error: Cannot match any routes. URL Segment: 'login'
  Error: Cannot match any routes. URL Segment: 'login'
      at ApplyRedirects.noMatchError (http://localhost:9876/_karma_webpack_/webpack:/node_modules/@angular/router/__ivy_ngcc__/fesm2015/router.js:2628:1)
      at CatchSubscriber.selector (http://localhost:9876/_karma_webpack_/webpack:/node_modules/@angular/router/__ivy_ngcc__/fesm2015/router.js:2610:1)
      at CatchSubscriber.error (http://localhost:9876/_karma_webpack_/webpack:/node_modules/rxjs/_esm2015/internal/operators/catchError.js:27:1)
      at MapSubscriber._error (http://localhost:9876/_karma_webpack_/webpack:/node_modules/rxjs/_esm2015/internal/Subscriber.js:75:1)
      at MapSubscriber.error (http://localhost:9876/_karma_webpack_/webpack:/node_modules/rxjs/_esm2015/internal/Subscriber.js:55:1)
      at MapSubscriber._error (http://localhost:9876/_karma_webpack_/webpack:/node_modules/rxjs/_esm2015/internal/Subscriber.js:75:1)
      at MapSubscriber.error (http://localhost:9876/_karma_webpack_/webpack:/node_modules/rxjs/_esm2015/internal/Subscriber.js:55:1)
      at ThrowIfEmptySubscriber._error (http://localhost:9876/_karma_webpack_/webpack:/node_modules/rxjs/_esm2015/internal/Subscriber.js:75:1)
      at ThrowIfEmptySubscriber.error (http://localhost:9876/_karma_webpack_/webpack:/node_modules/rxjs/_esm2015/internal/Subscriber.js:55:1)
      at TakeLastSubscriber._error (http://localhost:9876/_karma_webpack_/webpack:/node_modules/rxjs/_esm2015/internal/Subscriber.js:75:1)

]]>
  </system-out>
  <system-err/>
</testsuite>