<?xml version="1.0"?>
<testsuite name="Chrome Headless 99.0.4844.51 (Windows 10)" package="" timestamp="2022-03-05T22:34:11" id="0" hostname="JHAN-CASTRO" tests="34" errors="0" failures="0" time="0.246">
  <properties>
    <property name="browser.fullName" value="Mozilla/5.0 (Windows NT 10.0; Win64; x64) AppleWebKit/537.36 (KHTML, like Gecko) HeadlessChrome/99.0.4844.51 Safari/537.36"/>
  </properties>
  <testcase name="ErrorCamposPlantillaComponent should create" time="0.03" classname="ErrorCamposPlantillaComponent"/>
  <testcase name="LoginService Deberia retornar token (login correcto)" time="0.006" classname="LoginService"/>
  <testcase name="LoginService Debe de crearse correctamente" time="0.001" classname="LoginService"/>
  <testcase name="LockerService should be created" time="0.003" classname="LockerService"/>
  <testcase name="FilterLockerByTypePipe debe retornar data filtrada" time="0.001" classname="FilterLockerByTypePipe"/>
  <testcase name="FilterLockerByTypePipe create an instance" time="0" classname="FilterLockerByTypePipe"/>
  <testcase name="FilterLockerByTypePipe debe retornar vacio pues no llega criterio" time="0.007" classname="FilterLockerByTypePipe"/>
  <testcase name="FilterLockerByTypePipe debe retornar vacio pues no llega casillero doble" time="0" classname="FilterLockerByTypePipe"/>
  <testcase name="SaveComponent Debe Cargar data inicial" time="0.023" classname="SaveComponent"/>
  <testcase name="SaveComponent Debe abrir ventana para cobro para tipo doble" time="0.004" classname="SaveComponent"/>
  <testcase name="SaveComponent Debe abrir ventana para cobro para tipo sencillo" time="0.003" classname="SaveComponent"/>
  <testcase name="SaveComponent Debe validar Tipos de casilleros" time="0.003" classname="SaveComponent"/>
  <testcase name="SaveComponent should create" time="0.003" classname="SaveComponent"/>
  <testcase name="NavbarComponent should create" time="0.009" classname="NavbarComponent"/>
  <testcase name="HomeComponent should create" time="0.01" classname="HomeComponent"/>
  <testcase name="LoginComponent Debe de validar login exitoso" time="0.023" classname="LoginComponent"/>
  <testcase name="LoginComponent Debe de validar inicio cuando existe token" time="0.01" classname="LoginComponent"/>
  <testcase name="LoginComponent Debe de validar inicio cuando no existe token" time="0.009" classname="LoginComponent"/>
  <testcase name="LoginComponent should create" time="0.007" classname="LoginComponent"/>
  <testcase name="CollectComponent Debe de retornar un valor no valido de cobro" time="0.01" classname="CollectComponent"/>
  <testcase name="CollectComponent should create" time="0.005" classname="CollectComponent"/>
  <testcase name="ProductoService deberia listar productos" time="0.003" classname="ProductoService"/>
  <testcase name="ProductoService deberia crear un producto" time="0.002" classname="ProductoService"/>
  <testcase name="ProductoService deberia eliminar un producto" time="0.002" classname="ProductoService"/>
  <testcase name="ProductoService should be created" time="0.001" classname="ProductoService"/>
  <testcase name="AuthInterceptor should be created" time="0.001" classname="AuthInterceptor"/>
  <testcase name="SecurityGuard debe validar sin Token..." time="0.004" classname="SecurityGuard"/>
  <testcase name="SecurityGuard debe validar con Token..." time="0.002" classname="SecurityGuard"/>
  <testcase name="SecurityGuard should ..." time="0.009" classname="SecurityGuard"/>
  <testcase name="LockerComponent should create" time="0.01" classname="LockerComponent"/>
  <testcase name="ToolbarComponent Debe de remover item token" time="0.012" classname="ToolbarComponent"/>
  <testcase name="ToolbarComponent should create" time="0.006" classname="ToolbarComponent"/>
  <testcase name="AppComponent should have as title 'app-base'" time="0.017" classname="AppComponent"/>
  <testcase name="AppComponent should create the app" time="0.01" classname="AppComponent"/>
  <system-out>
    <![CDATA[Chrome Headless 99.0.4844.51 (Windows 10) LOG: ActivatedRoute{url: BehaviorSubject{_isScalar: false, observers: [], closed: false, isStopped: false, hasError: false, thrownError: null, _value: [...]}, params: BehaviorSubject{_isScalar: false, observers: [], closed: false, isStopped: false, hasError: false, thrownError: null, _value: Object{}}, queryParams: BehaviorSubject{_isScalar: false, observers: [], closed: false, isStopped: false, hasError: false, thrownError: null, _value: Object{}}, fragment: BehaviorSubject{_isScalar: false, observers: [], closed: false, isStopped: false, hasError: false, thrownError: null, _value: ''}, data: BehaviorSubject{_isScalar: false, observers: [], closed: false, isStopped: false, hasError: false, thrownError: null, _value: Object{}}, outlet: 'primary', component: null, _futureSnapshot: ActivatedRouteSnapshot{url: [], params: Object{}, queryParams: Object{}, fragment: '', data: Object{}, outlet: 'primary', component: null, routeConfig: null, _urlSegment: UrlSegmentGroup{segments: ..., children: ..., parent: ...}, _lastPathIndex: -1, _resolve: Object{}, _routerState: RouterStateSnapshot{_root: ..., url: ...}}, snapshot: ActivatedRouteSnapshot{url: [], params: Object{}, queryParams: Object{}, fragment: '', data: Object{}, outlet: 'primary', component: null, routeConfig: null, _urlSegment: UrlSegmentGroup{segments: ..., children: ..., parent: ...}, _lastPathIndex: -1, _resolve: Object{}, _routerState: RouterStateSnapshot{_root: ..., url: ...}}, _routerState: RouterState{_root: TreeNode{value: ..., children: ...}, snapshot: RouterStateSnapshot{_root: ..., url: ...}}}
,Chrome Headless 99.0.4844.51 (Windows 10) LOG: ActivatedRoute{url: BehaviorSubject{_isScalar: false, observers: [], closed: false, isStopped: false, hasError: false, thrownError: null, _value: [...]}, params: BehaviorSubject{_isScalar: false, observers: [], closed: false, isStopped: false, hasError: false, thrownError: null, _value: Object{}}, queryParams: BehaviorSubject{_isScalar: false, observers: [], closed: false, isStopped: false, hasError: false, thrownError: null, _value: Object{}}, fragment: BehaviorSubject{_isScalar: false, observers: [], closed: false, isStopped: false, hasError: false, thrownError: null, _value: ''}, data: BehaviorSubject{_isScalar: false, observers: [], closed: false, isStopped: false, hasError: false, thrownError: null, _value: Object{}}, outlet: 'primary', component: null, _futureSnapshot: ActivatedRouteSnapshot{url: [], params: Object{}, queryParams: Object{}, fragment: '', data: Object{}, outlet: 'primary', component: null, routeConfig: null, _urlSegment: UrlSegmentGroup{segments: ..., children: ..., parent: ...}, _lastPathIndex: -1, _resolve: Object{}, _routerState: RouterStateSnapshot{_root: ..., url: ...}}, snapshot: ActivatedRouteSnapshot{url: [], params: Object{}, queryParams: Object{}, fragment: '', data: Object{}, outlet: 'primary', component: null, routeConfig: null, _urlSegment: UrlSegmentGroup{segments: ..., children: ..., parent: ...}, _lastPathIndex: -1, _resolve: Object{}, _routerState: RouterStateSnapshot{_root: ..., url: ...}}, _routerState: RouterState{_root: TreeNode{value: ..., children: ...}, snapshot: RouterStateSnapshot{_root: ..., url: ...}}}
,Chrome Headless 99.0.4844.51 (Windows 10) LOG: ActivatedRoute{url: BehaviorSubject{_isScalar: false, observers: [], closed: false, isStopped: false, hasError: false, thrownError: null, _value: [...]}, params: BehaviorSubject{_isScalar: false, observers: [], closed: false, isStopped: false, hasError: false, thrownError: null, _value: Object{}}, queryParams: BehaviorSubject{_isScalar: false, observers: [], closed: false, isStopped: false, hasError: false, thrownError: null, _value: Object{}}, fragment: BehaviorSubject{_isScalar: false, observers: [], closed: false, isStopped: false, hasError: false, thrownError: null, _value: ''}, data: BehaviorSubject{_isScalar: false, observers: [], closed: false, isStopped: false, hasError: false, thrownError: null, _value: Object{}}, outlet: 'primary', component: null, _futureSnapshot: ActivatedRouteSnapshot{url: [], params: Object{}, queryParams: Object{}, fragment: '', data: Object{}, outlet: 'primary', component: null, routeConfig: null, _urlSegment: UrlSegmentGroup{segments: ..., children: ..., parent: ...}, _lastPathIndex: -1, _resolve: Object{}, _routerState: RouterStateSnapshot{_root: ..., url: ...}}, snapshot: ActivatedRouteSnapshot{url: [], params: Object{}, queryParams: Object{}, fragment: '', data: Object{}, outlet: 'primary', component: null, routeConfig: null, _urlSegment: UrlSegmentGroup{segments: ..., children: ..., parent: ...}, _lastPathIndex: -1, _resolve: Object{}, _routerState: RouterStateSnapshot{_root: ..., url: ...}}, _routerState: RouterState{_root: TreeNode{value: ..., children: ...}, snapshot: RouterStateSnapshot{_root: ..., url: ...}}}
,Chrome Headless 99.0.4844.51 (Windows 10) LOG: ActivatedRoute{url: BehaviorSubject{_isScalar: false, observers: [], closed: false, isStopped: false, hasError: false, thrownError: null, _value: [...]}, params: BehaviorSubject{_isScalar: false, observers: [], closed: false, isStopped: false, hasError: false, thrownError: null, _value: Object{}}, queryParams: BehaviorSubject{_isScalar: false, observers: [], closed: false, isStopped: false, hasError: false, thrownError: null, _value: Object{}}, fragment: BehaviorSubject{_isScalar: false, observers: [], closed: false, isStopped: false, hasError: false, thrownError: null, _value: ''}, data: BehaviorSubject{_isScalar: false, observers: [], closed: false, isStopped: false, hasError: false, thrownError: null, _value: Object{}}, outlet: 'primary', component: null, _futureSnapshot: ActivatedRouteSnapshot{url: [], params: Object{}, queryParams: Object{}, fragment: '', data: Object{}, outlet: 'primary', component: null, routeConfig: null, _urlSegment: UrlSegmentGroup{segments: ..., children: ..., parent: ...}, _lastPathIndex: -1, _resolve: Object{}, _routerState: RouterStateSnapshot{_root: ..., url: ...}}, snapshot: ActivatedRouteSnapshot{url: [], params: Object{}, queryParams: Object{}, fragment: '', data: Object{}, outlet: 'primary', component: null, routeConfig: null, _urlSegment: UrlSegmentGroup{segments: ..., children: ..., parent: ...}, _lastPathIndex: -1, _resolve: Object{}, _routerState: RouterStateSnapshot{_root: ..., url: ...}}, _routerState: RouterState{_root: TreeNode{value: ..., children: ...}, snapshot: RouterStateSnapshot{_root: ..., url: ...}}}
,Chrome Headless 99.0.4844.51 (Windows 10) ERROR: 'NG0304: 'mat-card' is not a known element:
1. If 'mat-card' is an Angular component, then verify that it is part of this module.
2. If 'mat-card' is a Web Component then add 'CUSTOM_ELEMENTS_SCHEMA' to the '@NgModule.schemas' of this component to suppress this message.'
,Chrome Headless 99.0.4844.51 (Windows 10) ERROR: 'NG0304: 'mat-card-header' is not a known element:
1. If 'mat-card-header' is an Angular component, then verify that it is part of this module.
2. If 'mat-card-header' is a Web Component then add 'CUSTOM_ELEMENTS_SCHEMA' to the '@NgModule.schemas' of this component to suppress this message.'
,Chrome Headless 99.0.4844.51 (Windows 10) ERROR: 'NG0304: 'mat-icon' is not a known element:
1. If 'mat-icon' is an Angular component, then verify that it is part of this module.
2. If 'mat-icon' is a Web Component then add 'CUSTOM_ELEMENTS_SCHEMA' to the '@NgModule.schemas' of this component to suppress this message.'
,Chrome Headless 99.0.4844.51 (Windows 10) ERROR: 'NG0304: 'mat-card-title' is not a known element:
1. If 'mat-card-title' is an Angular component, then verify that it is part of this module.
2. If 'mat-card-title' is a Web Component then add 'CUSTOM_ELEMENTS_SCHEMA' to the '@NgModule.schemas' of this component to suppress this message.'
,Chrome Headless 99.0.4844.51 (Windows 10) ERROR: 'NG0304: 'mat-card-content' is not a known element:
1. If 'mat-card-content' is an Angular component, then verify that it is part of this module.
2. If 'mat-card-content' is a Web Component then add 'CUSTOM_ELEMENTS_SCHEMA' to the '@NgModule.schemas' of this component to suppress this message.'
,Chrome Headless 99.0.4844.51 (Windows 10) ERROR: 'NG0304: 'mat-card-actions' is not a known element:
1. If 'mat-card-actions' is an Angular component, then verify that it is part of this module.
2. If 'mat-card-actions' is a Web Component then add 'CUSTOM_ELEMENTS_SCHEMA' to the '@NgModule.schemas' of this component to suppress this message.'
,Chrome Headless 99.0.4844.51 (Windows 10) ERROR: 'NG0304: 'mat-icon' is not a known element:
1. If 'mat-icon' is an Angular component, then verify that it is part of this module.
2. If 'mat-icon' is a Web Component then add 'CUSTOM_ELEMENTS_SCHEMA' to the '@NgModule.schemas' of this component to suppress this message.'
,Chrome Headless 99.0.4844.51 (Windows 10) ERROR: 'NG0304: 'mat-card' is not a known element:
1. If 'mat-card' is an Angular component, then verify that it is part of this module.
2. If 'mat-card' is a Web Component then add 'CUSTOM_ELEMENTS_SCHEMA' to the '@NgModule.schemas' of this component to suppress this message.'
,Chrome Headless 99.0.4844.51 (Windows 10) ERROR: 'NG0304: 'mat-card-header' is not a known element:
1. If 'mat-card-header' is an Angular component, then verify that it is part of this module.
2. If 'mat-card-header' is a Web Component then add 'CUSTOM_ELEMENTS_SCHEMA' to the '@NgModule.schemas' of this component to suppress this message.'
,Chrome Headless 99.0.4844.51 (Windows 10) ERROR: 'NG0304: 'mat-icon' is not a known element:
1. If 'mat-icon' is an Angular component, then verify that it is part of this module.
2. If 'mat-icon' is a Web Component then add 'CUSTOM_ELEMENTS_SCHEMA' to the '@NgModule.schemas' of this component to suppress this message.'
,Chrome Headless 99.0.4844.51 (Windows 10) ERROR: 'NG0304: 'mat-card-title' is not a known element:
1. If 'mat-card-title' is an Angular component, then verify that it is part of this module.
2. If 'mat-card-title' is a Web Component then add 'CUSTOM_ELEMENTS_SCHEMA' to the '@NgModule.schemas' of this component to suppress this message.'
,Chrome Headless 99.0.4844.51 (Windows 10) ERROR: 'NG0304: 'mat-card-content' is not a known element:
1. If 'mat-card-content' is an Angular component, then verify that it is part of this module.
2. If 'mat-card-content' is a Web Component then add 'CUSTOM_ELEMENTS_SCHEMA' to the '@NgModule.schemas' of this component to suppress this message.'
,Chrome Headless 99.0.4844.51 (Windows 10) ERROR: 'NG0304: 'mat-card-actions' is not a known element:
1. If 'mat-card-actions' is an Angular component, then verify that it is part of this module.
2. If 'mat-card-actions' is a Web Component then add 'CUSTOM_ELEMENTS_SCHEMA' to the '@NgModule.schemas' of this component to suppress this message.'
,Chrome Headless 99.0.4844.51 (Windows 10) ERROR: 'NG0304: 'mat-icon' is not a known element:
1. If 'mat-icon' is an Angular component, then verify that it is part of this module.
2. If 'mat-icon' is a Web Component then add 'CUSTOM_ELEMENTS_SCHEMA' to the '@NgModule.schemas' of this component to suppress this message.'

]]>
  </system-out>
  <system-err/>
</testsuite>